Bought 77 of AAPL for a total of $9525.67
Bought 77 of AAPL for a total of $9520.28
Bought 753 of AAPL for a total of $95367.45
Sold 753 of AAPL for a total of $95412.62999999999
Bought 725 of AAPL for a total of $95359.25
Sold 725 of AAPL for a total of $95475.25
Bought 720 of AAPL for a total of $95378.4
Sold 720 of AAPL for a total of $95824.8
Bought 719 of AAPL for a total of $95396.92
Sold 719 of AAPL for a total of $95116.51
Bought 723 of AAPL for a total of $95313.09000000001
Sold 723 of AAPL for a total of $95493.84000000001
Bought 724 of AAPL for a total of $95285.64000000001
Sold 724 of AAPL for a total of $95256.68
Bought 726 of AAPL for a total of $95309.28
Sold 726 of AAPL for a total of $95628.72
Bought 723 of AAPL for a total of $95320.32
Sold 723 of AAPL for a total of $95602.29
Bought 723 of AAPL for a total of $95392.62
Sold 723 of AAPL for a total of $95298.63
Bought 724 of AAPL for a total of $95325.45999999999
Bought 79 of AAPL for a total of $10401.14
Bought 476 of F for a total of $4198.32
Sold 476 of F for a total of $4212.599999999999
Sold 357 of X for a total of $5997.6
Sold 79 of AAPL for a total of $10428.0
Bought 475 of F for a total of $4199.0
Bought 250 of X for a total of $4198.75
Bought 250 of X for a total of $4198.75
Bought 250 of X for a total of $4198.75
Bought 250 of X for a total of $4198.75
Bought 250 of X for a total of $4198.75
Bought 250 of X for a total of $4198.75
Bought 250 of X for a total of $4198.75
Bought 250 of X for a total of $4198.75
Bought 250 of X for a total of $4198.75
Bought 250 of X for a total of $4198.75
Bought 250 of X for a total of $4198.75
Bought 250 of X for a total of $4198.75
Bought 250 of X for a total of $4198.75
Bought 250 of X for a total of $4198.75
Bought 250 of X for a total of $4198.75
Bought 250 of X for a total of $4198.75
Bought 250 of X for a total of $4198.75
Bought 250 of X for a total of $4198.75
Bought 250 of X for a total of $4198.75
Bought 250 of X for a total of $4198.75
Bought 250 of X for a total of $4198.75
Bought 250 of X for a total of $4198.75
Sold 282 of GE for a total of $3006.12
Bought 250 of X for a total of $4198.75
Bought 250 of X for a total of $4198.75
Bought 250 of X for a total of $4198.75
Bought 250 of X for a total of $4198.75
